0 info it worked if it ends with ok
1 verbose cli [ 'c:\\salar\\NodeJs_App\\node.exe',
1 verbose cli   'c:\\salar\\NodeJs_App\\node_modules\\npm\\bin\\npm-cli.js',
1 verbose cli   'install',
1 verbose cli   'express' ]
2 info using npm@2.11.3
3 info using node@v0.12.7
4 verbose install initial load of c:\salar\NodeJs_App\ionic\tabApp\backend\package.json
5 verbose stack Error: Failed to parse json
5 verbose stack Unexpected token 's' at 8:6
5 verbose stack     "start":"nodemon ./bin/www" },
5 verbose stack      ^
5 verbose stack     at parseError (c:\salar\NodeJs_App\node_modules\npm\node_modules\read-package-json\read-json.js:379:11)
5 verbose stack     at parseJson (c:\salar\NodeJs_App\node_modules\npm\node_modules\read-package-json\read-json.js:68:23)
5 verbose stack     at c:\salar\NodeJs_App\node_modules\npm\node_modules\read-package-json\read-json.js:48:5
5 verbose stack     at evalmachine.<anonymous>:334:14
5 verbose stack     at c:\salar\NodeJs_App\node_modules\npm\node_modules\graceful-fs\graceful-fs.js:102:5
5 verbose stack     at FSReqWrap.oncomplete (evalmachine.<anonymous>:95:15)
6 verbose cwd c:\salar\NodeJs_App\ionic\tabApp\backend
7 error Windows_NT 6.1.7601
8 error argv "c:\\salar\\NodeJs_App\\node.exe" "c:\\salar\\NodeJs_App\\node_modules\\npm\\bin\\npm-cli.js" "install" "express"
9 error node v0.12.7
10 error npm  v2.11.3
11 error file c:\salar\NodeJs_App\ionic\tabApp\backend\package.json
12 error code EJSONPARSE
13 error Failed to parse json
13 error Unexpected token 's' at 8:6
13 error     "start":"nodemon ./bin/www" },
13 error      ^
14 error File: c:\salar\NodeJs_App\ionic\tabApp\backend\package.json
15 error Failed to parse package.json data.
15 error package.json must be actual JSON, not just JavaScript.
15 error
15 error This is not a bug in npm.
15 error Tell the package author to fix their package.json file. JSON.parse
16 verbose exit [ 1, true ]
